During startup - Warning message:
Setting LC_CTYPE failed, using "C" 
Loading required package: coda
Loading required package: nimble
nimble version 0.12.2 is loaded.
For more information on NIMBLE and a User Manual,
please visit https://R-nimble.org.

Attaching package: 'nimble'

The following object is masked from 'package:stats':

    simulate

Loading required package: devtools
Loading required package: usethis
Loading required package: mcmcplots
Loading required package: MCMCglmm
Loading required package: Matrix
Loading required package: ape
Loading required package: furrr
Loading required package: future

Attaching package: 'future'

The following object is masked from 'package:nimble':

    values

Loading required package: purrr
Loading required package: future.apply
During startup - During startup - Warning message:
During startup - Warning message:
During startup - Setting LC_CTYPE failed, using "C" 
During startup - Warning message:
During startup - Setting LC_CTYPE failed, using "C" 
During startup - Warning message:
During startup - Setting LC_CTYPE failed, using "C" 
During startup - Warning message:
During startup - Warning message:
Warning message:
Setting LC_CTYPE failed, using "C" 
Warning message:
Warning message:
Setting LC_CTYPE failed, using "C" 
Warning message:
Setting LC_CTYPE failed, using "C" 
Setting LC_CTYPE failed, using "C" 
Setting LC_CTYPE failed, using "C" 
Setting LC_CTYPE failed, using "C" 
Setting LC_CTYPE failed, using "C" 
[[1]]
 [1] "mcmcplots" "ggmcmc"    "tidyr"     "dplyr"     "pbapply"   "MCMCglmm" 
 [7] "ape"       "Matrix"    "coda"      "foreach"   "parallel"  "nimble"   
[13] "stringr"   "ggplot2"   "stats"     "graphics"  "grDevices" "utils"    
[19] "datasets"  "methods"   "base"     

[[2]]
 [1] "mcmcplots" "ggmcmc"    "tidyr"     "dplyr"     "pbapply"   "MCMCglmm" 
 [7] "ape"       "Matrix"    "coda"      "foreach"   "parallel"  "nimble"   
[13] "stringr"   "ggplot2"   "stats"     "graphics"  "grDevices" "utils"    
[19] "datasets"  "methods"   "base"     

[[3]]
 [1] "mcmcplots" "ggmcmc"    "tidyr"     "dplyr"     "pbapply"   "MCMCglmm" 
 [7] "ape"       "Matrix"    "coda"      "foreach"   "parallel"  "nimble"   
[13] "stringr"   "ggplot2"   "stats"     "graphics"  "grDevices" "utils"    
[19] "datasets"  "methods"   "base"     

[[4]]
 [1] "mcmcplots" "ggmcmc"    "tidyr"     "dplyr"     "pbapply"   "MCMCglmm" 
 [7] "ape"       "Matrix"    "coda"      "foreach"   "parallel"  "nimble"   
[13] "stringr"   "ggplot2"   "stats"     "graphics"  "grDevices" "utils"    
[19] "datasets"  "methods"   "base"     

[[5]]
 [1] "mcmcplots" "ggmcmc"    "tidyr"     "dplyr"     "pbapply"   "MCMCglmm" 
 [7] "ape"       "Matrix"    "coda"      "foreach"   "parallel"  "nimble"   
[13] "stringr"   "ggplot2"   "stats"     "graphics"  "grDevices" "utils"    
[19] "datasets"  "methods"   "base"     

[[6]]
 [1] "mcmcplots" "ggmcmc"    "tidyr"     "dplyr"     "pbapply"   "MCMCglmm" 
 [7] "ape"       "Matrix"    "coda"      "foreach"   "parallel"  "nimble"   
[13] "stringr"   "ggplot2"   "stats"     "graphics"  "grDevices" "utils"    
[19] "datasets"  "methods"   "base"     

[[7]]
 [1] "mcmcplots" "ggmcmc"    "tidyr"     "dplyr"     "pbapply"   "MCMCglmm" 
 [7] "ape"       "Matrix"    "coda"      "foreach"   "parallel"  "nimble"   
[13] "stringr"   "ggplot2"   "stats"     "graphics"  "grDevices" "utils"    
[19] "datasets"  "methods"   "base"     

[[8]]
 [1] "mcmcplots" "ggmcmc"    "tidyr"     "dplyr"     "pbapply"   "MCMCglmm" 
 [7] "ape"       "Matrix"    "coda"      "foreach"   "parallel"  "nimble"   
[13] "stringr"   "ggplot2"   "stats"     "graphics"  "grDevices" "utils"    
[19] "datasets"  "methods"   "base"     

[[9]]
 [1] "mcmcplots" "ggmcmc"    "tidyr"     "dplyr"     "pbapply"   "MCMCglmm" 
 [7] "ape"       "Matrix"    "coda"      "foreach"   "parallel"  "nimble"   
[13] "stringr"   "ggplot2"   "stats"     "graphics"  "grDevices" "utils"    
[19] "datasets"  "methods"   "base"     

[[10]]
 [1] "mcmcplots" "ggmcmc"    "tidyr"     "dplyr"     "pbapply"   "MCMCglmm" 
 [7] "ape"       "Matrix"    "coda"      "foreach"   "parallel"  "nimble"   
[13] "stringr"   "ggplot2"   "stats"     "graphics"  "grDevices" "utils"    
[19] "datasets"  "methods"   "base"     

