During startup - Warning message:
Setting LC_CTYPE failed, using "C" 
Loading required package: coda
Loading required package: nimble
nimble version 0.12.2 is loaded.
For more information on NIMBLE and a User Manual,
please visit https://R-nimble.org.

Attaching package: 'nimble'

The following object is masked from 'package:stats':

    simulate

Loading required package: devtools
Loading required package: usethis
Loading required package: mcmcplots
Loading required package: MCMCglmm
Loading required package: Matrix
Loading required package: ape
Loading required package: furrr
Loading required package: future

Attaching package: 'future'

The following object is masked from 'package:nimble':

    values

Loading required package: purrr
Loading required package: future.apply
During startup - Warning message:
Setting LC_CTYPE failed, using "C" 
During startup - Warning message:
Setting LC_CTYPE failed, using "C" 
During startup - During startup - Warning message:
Warning message:
Setting LC_CTYPE failed, using "C" 
Setting LC_CTYPE failed, using "C" 
During startup - Warning message:
Setting LC_CTYPE failed, using "C" 
During startup - Warning message:
Setting LC_CTYPE failed, using "C" 
During startup - Warning message:
Setting LC_CTYPE failed, using "C" 
During startup - Warning message:
Setting LC_CTYPE failed, using "C" 
During startup - Warning message:
Setting LC_CTYPE failed, using "C" 
During startup - Warning message:
Setting LC_CTYPE failed, using "C" 
[[1]]
 [1] "mcmcplots" "ggmcmc"    "tidyr"     "dplyr"     "pbapply"   "MCMCglmm" 
 [7] "ape"       "Matrix"    "coda"      "foreach"   "parallel"  "nimble"   
[13] "stringr"   "ggplot2"   "stats"     "graphics"  "grDevices" "utils"    
[19] "datasets"  "methods"   "base"     

[[2]]
 [1] "mcmcplots" "ggmcmc"    "tidyr"     "dplyr"     "pbapply"   "MCMCglmm" 
 [7] "ape"       "Matrix"    "coda"      "foreach"   "parallel"  "nimble"   
[13] "stringr"   "ggplot2"   "stats"     "graphics"  "grDevices" "utils"    
[19] "datasets"  "methods"   "base"     

[[3]]
 [1] "mcmcplots" "ggmcmc"    "tidyr"     "dplyr"     "pbapply"   "MCMCglmm" 
 [7] "ape"       "Matrix"    "coda"      "foreach"   "parallel"  "nimble"   
[13] "stringr"   "ggplot2"   "stats"     "graphics"  "grDevices" "utils"    
[19] "datasets"  "methods"   "base"     

[[4]]
 [1] "mcmcplots" "ggmcmc"    "tidyr"     "dplyr"     "pbapply"   "MCMCglmm" 
 [7] "ape"       "Matrix"    "coda"      "foreach"   "parallel"  "nimble"   
[13] "stringr"   "ggplot2"   "stats"     "graphics"  "grDevices" "utils"    
[19] "datasets"  "methods"   "base"     

[[5]]
 [1] "mcmcplots" "ggmcmc"    "tidyr"     "dplyr"     "pbapply"   "MCMCglmm" 
 [7] "ape"       "Matrix"    "coda"      "foreach"   "parallel"  "nimble"   
[13] "stringr"   "ggplot2"   "stats"     "graphics"  "grDevices" "utils"    
[19] "datasets"  "methods"   "base"     

[[6]]
 [1] "mcmcplots" "ggmcmc"    "tidyr"     "dplyr"     "pbapply"   "MCMCglmm" 
 [7] "ape"       "Matrix"    "coda"      "foreach"   "parallel"  "nimble"   
[13] "stringr"   "ggplot2"   "stats"     "graphics"  "grDevices" "utils"    
[19] "datasets"  "methods"   "base"     

[[7]]
 [1] "mcmcplots" "ggmcmc"    "tidyr"     "dplyr"     "pbapply"   "MCMCglmm" 
 [7] "ape"       "Matrix"    "coda"      "foreach"   "parallel"  "nimble"   
[13] "stringr"   "ggplot2"   "stats"     "graphics"  "grDevices" "utils"    
[19] "datasets"  "methods"   "base"     

[[8]]
 [1] "mcmcplots" "ggmcmc"    "tidyr"     "dplyr"     "pbapply"   "MCMCglmm" 
 [7] "ape"       "Matrix"    "coda"      "foreach"   "parallel"  "nimble"   
[13] "stringr"   "ggplot2"   "stats"     "graphics"  "grDevices" "utils"    
[19] "datasets"  "methods"   "base"     

[[9]]
 [1] "mcmcplots" "ggmcmc"    "tidyr"     "dplyr"     "pbapply"   "MCMCglmm" 
 [7] "ape"       "Matrix"    "coda"      "foreach"   "parallel"  "nimble"   
[13] "stringr"   "ggplot2"   "stats"     "graphics"  "grDevices" "utils"    
[19] "datasets"  "methods"   "base"     

[[10]]
 [1] "mcmcplots" "ggmcmc"    "tidyr"     "dplyr"     "pbapply"   "MCMCglmm" 
 [7] "ape"       "Matrix"    "coda"      "foreach"   "parallel"  "nimble"   
[13] "stringr"   "ggplot2"   "stats"     "graphics"  "grDevices" "utils"    
[19] "datasets"  "methods"   "base"     

Error in unserialize(node$con) : error reading from connection
Calls: pblapply ... FUN -> recvData -> recvData.SOCKnode -> unserialize
Execution halted
Command exited with non-zero status 1
	Command being timed: "Rscript nimble_genus_specific2.R"
	User time (seconds): 4.52
	System time (seconds): 4.68
	Percent of CPU this job got: 0%
	Elapsed (wall clock) time (h:mm:ss or m:ss): 87:33:20
	Average shared text size (kbytes): 0
	Average unshared data size (kbytes): 0
	Average stack size (kbytes): 0
	Average total size (kbytes): 0
	Maximum resident set size (kbytes): 436940
	Average resident set size (kbytes): 0
	Major (requiring I/O) page faults: 87
	Minor (reclaiming a frame) page faults: 243795
	Voluntary context switches: 146356
	Involuntary context switches: 18
	Swaps: 0
	File system inputs: 745065
	File system outputs: 40
	Socket messages sent: 0
	Socket messages received: 0
	Signals delivered: 0
	Page size (bytes): 4096
	Exit status: 1
